<?xml version="1.0" encoding="UTF-8"?>
<!-- Generated by org.testng.reporters.JUnitReportReporter -->
<testsuite hostname="Hammad" failures="0" tests="2" name="database.DatabaseTest" time="0.088" errors="0" timestamp="2024-12-21T00:46:22 PKT" skipped="0">
  <testcase classname="database.DatabaseTest" name="testDatabaseConnection" time="0.000"/>
  <system-out/>
  <testcase classname="database.DatabaseTest" name="testSelectQuery" time="0.088"/>
  <system-out/>
</testsuite> <!-- database.DatabaseTest -->
