<?xml version="1.0" encoding="UTF-8"?>
<!-- Generated by org.testng.reporters.JUnitReportReporter -->
<testsuite hostname="Hammad" failures="0" tests="1" name="tests.DashboardTest" time="6.899" errors="0" timestamp="2024-12-15T02:13:39 PKT" skipped="0">
  <testcase classname="tests.DashboardTest" name="searchBarTestCase" time="6.899"/>
  <system-out/>
</testsuite> <!-- tests.DashboardTest -->
