<?xml version="1.0" encoding="UTF-8"?>
<!-- Generated by org.testng.reporters.JUnitReportReporter -->
<testsuite hostname="Hammad" failures="0" tests="1" name="tests.LoginTest" time="2.276" errors="0" timestamp="2024-12-21T00:46:22 PKT" skipped="0">
  <testcase classname="tests.LoginTest" name="loginTestCase" time="2.276"/>
  <system-out/>
</testsuite> <!-- tests.LoginTest -->
