<?xml version="1.0" encoding="UTF-8"?>
<!-- Generated by org.testng.reporters.JUnitReportReporter -->
<testsuite hostname="Ali-Hammad" failures="0" tests="1" name="tests.LoginTest" time="9.536" errors="0" timestamp="2024-11-22T16:45:09 PKT" skipped="0">
  <testcase classname="tests.LoginTest" name="homePageTitleVerification" time="9.536"/>
  <system-out/>
</testsuite> <!-- tests.LoginTest -->
