<?xml version="1.0" encoding="UTF-8"?>
<!-- Generated by org.testng.reporters.JUnitReportReporter -->
<testsuite hostname="Hammad" failures="0" tests="2" name="api.ApiTest" time="6.427" errors="0" timestamp="2024-12-15T02:13:39 PKT" skipped="0">
  <testcase classname="api.ApiTest" name="testCreatePost" time="3.546"/>
  <system-out/>
  <testcase classname="api.ApiTest" name="testGetPosts" time="2.881"/>
  <system-out/>
</testsuite> <!-- api.ApiTest -->
