<?xml version="1.0" encoding="UTF-8"?>
<!-- Generated by org.testng.reporters.JUnitReportReporter -->
<testsuite hostname="Ali-Hammad" failures="0" tests="2" name="api.ApiTest" time="15.897" errors="0" timestamp="2024-11-22T16:45:09 PKT" skipped="0">
  <testcase classname="api.ApiTest" name="testGetPosts" time="6.755"/>
  <system-out/>
  <testcase classname="api.ApiTest" name="testCreatePost" time="9.142"/>
  <system-out/>
</testsuite> <!-- api.ApiTest -->
