<?xml version="1.0" encoding="UTF-8"?>
<!-- Generated by org.testng.reporters.JUnitReportReporter -->
<testsuite hostname="Hammad" failures="0" tests="2" name="database.DatabaseTest" time="0.041" errors="0" timestamp="2024-12-15T02:13:39 PKT" skipped="0">
  <testcase classname="database.DatabaseTest" name="testDatabaseConnection" time="0.001"/>
  <system-out/>
  <testcase classname="database.DatabaseTest" name="testSelectQuery" time="0.040"/>
  <system-out/>
</testsuite> <!-- database.DatabaseTest -->
