<?xml version="1.0" encoding="UTF-8"?>
<!-- Generated by org.testng.reporters.JUnitReportReporter -->
<testsuite hostname="Hammad" failures="0" tests="1" name="tests.LoginTest" time="4.893" errors="0" timestamp="2024-12-15T02:13:39 PKT" skipped="0">
  <testcase classname="tests.LoginTest" name="homePageTitleVerification" time="4.893"/>
  <system-out/>
</testsuite> <!-- tests.LoginTest -->
