<?xml version="1.0" encoding="UTF-8"?>
<!-- Generated by org.testng.reporters.JUnitReportReporter -->
<testsuite hostname="Hammad" failures="0" tests="2" name="api.ApiTest" time="5.302" errors="0" timestamp="2024-12-21T00:46:22 PKT" skipped="0">
  <testcase classname="api.ApiTest" name="testCreatePost" time="2.939"/>
  <system-out/>
  <testcase classname="api.ApiTest" name="testGetPosts" time="2.363"/>
  <system-out/>
</testsuite> <!-- api.ApiTest -->
